<?xml version="1.0" encoding="UTF-8"?>
<testsuite xmlns:xsi="http://www.w3.org/2001/XMLSchema-instance" xsi:noNamespaceSchemaLocation="https://maven.apache.org/surefire/maven-surefire-plugin/xsd/surefire-test-report.xsd" name="com.lean.ciref.CirefApplicationTests" time="5.711" tests="1" errors="0" skipped="0" failures="0">
  <properties>
    <property name="java.specification.version" value="17"/>
    <property name="sun.jnu.encoding" value="UTF-8"/>
    <property name="java.class.path" value="/home/maykon/dev/render-spring-test/target/test-classes:/home/maykon/dev/render-spring-test/target/classes:/home/maykon/.m2/repository/org/springframework/boot/spring-boot-starter-data-jpa/2.7.5/spring-boot-starter-data-jpa-2.7.5.jar:/home/maykon/.m2/repository/org/springframework/boot/spring-boot-starter-aop/2.7.5/spring-boot-starter-aop-2.7.5.jar:/home/maykon/.m2/repository/org/springframework/spring-aop/5.3.23/spring-aop-5.3.23.jar:/home/maykon/.m2/repository/org/aspectj/aspectjweaver/1.9.7/aspectjweaver-1.9.7.jar:/home/maykon/.m2/repository/org/springframework/boot/spring-boot-starter-jdbc/2.7.5/spring-boot-starter-jdbc-2.7.5.jar:/home/maykon/.m2/repository/com/zaxxer/HikariCP/4.0.3/HikariCP-4.0.3.jar:/home/maykon/.m2/repository/org/springframework/spring-jdbc/5.3.23/spring-jdbc-5.3.23.jar:/home/maykon/.m2/repository/jakarta/transaction/jakarta.transaction-api/1.3.3/jakarta.transaction-api-1.3.3.jar:/home/maykon/.m2/repository/jakarta/persistence/jakarta.persistence-api/2.2.3/jakarta.persistence-api-2.2.3.jar:/home/maykon/.m2/repository/org/hibernate/hibernate-core/5.6.12.Final/hibernate-core-5.6.12.Final.jar:/home/maykon/.m2/repository/org/jboss/logging/jboss-logging/3.4.3.Final/jboss-logging-3.4.3.Final.jar:/home/maykon/.m2/repository/net/bytebuddy/byte-buddy/1.12.18/byte-buddy-1.12.18.jar:/home/maykon/.m2/repository/antlr/antlr/2.7.7/antlr-2.7.7.jar:/home/maykon/.m2/repository/org/jboss/jandex/2.4.2.Final/jandex-2.4.2.Final.jar:/home/maykon/.m2/repository/com/fasterxml/classmate/1.5.1/classmate-1.5.1.jar:/home/maykon/.m2/repository/org/hibernate/common/hibernate-commons-annotations/5.1.2.Final/hibernate-commons-annotations-5.1.2.Final.jar:/home/maykon/.m2/repository/org/glassfish/jaxb/jaxb-runtime/2.3.7/jaxb-runtime-2.3.7.jar:/home/maykon/.m2/repository/org/glassfish/jaxb/txw2/2.3.7/txw2-2.3.7.jar:/home/maykon/.m2/repository/com/sun/istack/istack-commons-runtime/3.0.12/istack-commons-runtime-3.0.12.jar:/home/maykon/.m2/repository/com/sun/activation/jakarta.activation/1.2.2/jakarta.activation-1.2.2.jar:/home/maykon/.m2/repository/org/springframework/data/spring-data-jpa/2.7.5/spring-data-jpa-2.7.5.jar:/home/maykon/.m2/repository/org/springframework/data/spring-data-commons/2.7.5/spring-data-commons-2.7.5.jar:/home/maykon/.m2/repository/org/springframework/spring-orm/5.3.23/spring-orm-5.3.23.jar:/home/maykon/.m2/repository/org/springframework/spring-context/5.3.23/spring-context-5.3.23.jar:/home/maykon/.m2/repository/org/springframework/spring-tx/5.3.23/spring-tx-5.3.23.jar:/home/maykon/.m2/repository/org/springframework/spring-beans/5.3.23/spring-beans-5.3.23.jar:/home/maykon/.m2/repository/org/springframework/spring-aspects/5.3.23/spring-aspects-5.3.23.jar:/home/maykon/.m2/repository/org/springframework/boot/spring-boot-starter-web/2.7.5/spring-boot-starter-web-2.7.5.jar:/home/maykon/.m2/repository/org/springframework/boot/spring-boot-starter/2.7.5/spring-boot-starter-2.7.5.jar:/home/maykon/.m2/repository/org/springframework/boot/spring-boot-starter-logging/2.7.5/spring-boot-starter-logging-2.7.5.jar:/home/maykon/.m2/repository/ch/qos/logback/logback-classic/1.2.11/logback-classic-1.2.11.jar:/home/maykon/.m2/repository/ch/qos/logback/logback-core/1.2.11/logback-core-1.2.11.jar:/home/maykon/.m2/repository/org/apache/logging/log4j/log4j-to-slf4j/2.17.2/log4j-to-slf4j-2.17.2.jar:/home/maykon/.m2/repository/org/apache/logging/log4j/log4j-api/2.17.2/log4j-api-2.17.2.jar:/home/maykon/.m2/repository/org/slf4j/jul-to-slf4j/1.7.36/jul-to-slf4j-1.7.36.jar:/home/maykon/.m2/repository/jakarta/annotation/jakarta.annotation-api/1.3.5/jakarta.annotation-api-1.3.5.jar:/home/maykon/.m2/repository/org/yaml/snakeyaml/1.30/snakeyaml-1.30.jar:/home/maykon/.m2/repository/org/springframework/boot/spring-boot-starter-json/2.7.5/spring-boot-starter-json-2.7.5.jar:/home/maykon/.m2/repository/com/fasterxml/jackson/datatype/jackson-datatype-jdk8/2.13.4/jackson-datatype-jdk8-2.13.4.jar:/home/maykon/.m2/repository/com/fasterxml/jackson/datatype/jackson-datatype-jsr310/2.13.4/jackson-datatype-jsr310-2.13.4.jar:/home/maykon/.m2/repository/com/fasterxml/jackson/module/jackson-module-parameter-names/2.13.4/jackson-module-parameter-names-2.13.4.jar:/home/maykon/.m2/repository/org/springframework/boot/spring-boot-starter-tomcat/2.7.5/spring-boot-starter-tomcat-2.7.5.jar:/home/maykon/.m2/repository/org/apache/tomcat/embed/tomcat-embed-core/9.0.68/tomcat-embed-core-9.0.68.jar:/home/maykon/.m2/repository/org/apache/tomcat/embed/tomcat-embed-el/9.0.68/tomcat-embed-el-9.0.68.jar:/home/maykon/.m2/repository/org/apache/tomcat/embed/tomcat-embed-websocket/9.0.68/tomcat-embed-websocket-9.0.68.jar:/home/maykon/.m2/repository/org/springframework/spring-web/5.3.23/spring-web-5.3.23.jar:/home/maykon/.m2/repository/org/springframework/spring-webmvc/5.3.23/spring-webmvc-5.3.23.jar:/home/maykon/.m2/repository/org/springframework/spring-expression/5.3.23/spring-expression-5.3.23.jar:/home/maykon/.m2/repository/com/fasterxml/jackson/module/jackson-module-kotlin/2.13.4/jackson-module-kotlin-2.13.4.jar:/home/maykon/.m2/repository/com/fasterxml/jackson/core/jackson-databind/2.13.4.2/jackson-databind-2.13.4.2.jar:/home/maykon/.m2/repository/com/fasterxml/jackson/core/jackson-core/2.13.4/jackson-core-2.13.4.jar:/home/maykon/.m2/repository/com/fasterxml/jackson/core/jackson-annotations/2.13.4/jackson-annotations-2.13.4.jar:/home/maykon/.m2/repository/org/jetbrains/kotlin/kotlin-reflect/1.6.21/kotlin-reflect-1.6.21.jar:/home/maykon/.m2/repository/org/jetbrains/kotlin/kotlin-stdlib/1.6.21/kotlin-stdlib-1.6.21.jar:/home/maykon/.m2/repository/org/jetbrains/kotlin/kotlin-stdlib-common/1.6.21/kotlin-stdlib-common-1.6.21.jar:/home/maykon/.m2/repository/org/jetbrains/annotations/13.0/annotations-13.0.jar:/home/maykon/.m2/repository/org/jetbrains/kotlin/kotlin-stdlib-jdk8/1.6.21/kotlin-stdlib-jdk8-1.6.21.jar:/home/maykon/.m2/repository/org/jetbrains/kotlin/kotlin-stdlib-jdk7/1.6.21/kotlin-stdlib-jdk7-1.6.21.jar:/home/maykon/.m2/repository/org/springframework/boot/spring-boot-devtools/2.7.5/spring-boot-devtools-2.7.5.jar:/home/maykon/.m2/repository/org/springframework/boot/spring-boot/2.7.5/spring-boot-2.7.5.jar:/home/maykon/.m2/repository/org/springframework/boot/spring-boot-autoconfigure/2.7.5/spring-boot-autoconfigure-2.7.5.jar:/home/maykon/.m2/repository/com/h2database/h2/2.1.214/h2-2.1.214.jar:/home/maykon/.m2/repository/org/springframework/boot/spring-boot-starter-test/2.7.5/spring-boot-starter-test-2.7.5.jar:/home/maykon/.m2/repository/org/springframework/boot/spring-boot-test/2.7.5/spring-boot-test-2.7.5.jar:/home/maykon/.m2/repository/org/springframework/boot/spring-boot-test-autoconfigure/2.7.5/spring-boot-test-autoconfigure-2.7.5.jar:/home/maykon/.m2/repository/com/jayway/jsonpath/json-path/2.7.0/json-path-2.7.0.jar:/home/maykon/.m2/repository/net/minidev/json-smart/2.4.8/json-smart-2.4.8.jar:/home/maykon/.m2/repository/net/minidev/accessors-smart/2.4.8/accessors-smart-2.4.8.jar:/home/maykon/.m2/repository/org/ow2/asm/asm/9.1/asm-9.1.jar:/home/maykon/.m2/repository/jakarta/xml/bind/jakarta.xml.bind-api/2.3.3/jakarta.xml.bind-api-2.3.3.jar:/home/maykon/.m2/repository/jakarta/activation/jakarta.activation-api/1.2.2/jakarta.activation-api-1.2.2.jar:/home/maykon/.m2/repository/org/assertj/assertj-core/3.22.0/assertj-core-3.22.0.jar:/home/maykon/.m2/repository/org/hamcrest/hamcrest/2.2/hamcrest-2.2.jar:/home/maykon/.m2/repository/org/junit/jupiter/junit-jupiter/5.8.2/junit-jupiter-5.8.2.jar:/home/maykon/.m2/repository/org/junit/jupiter/junit-jupiter-api/5.8.2/junit-jupiter-api-5.8.2.jar:/home/maykon/.m2/repository/org/opentest4j/opentest4j/1.2.0/opentest4j-1.2.0.jar:/home/maykon/.m2/repository/org/junit/platform/junit-platform-commons/1.8.2/junit-platform-commons-1.8.2.jar:/home/maykon/.m2/repository/org/apiguardian/apiguardian-api/1.1.2/apiguardian-api-1.1.2.jar:/home/maykon/.m2/repository/org/junit/jupiter/junit-jupiter-params/5.8.2/junit-jupiter-params-5.8.2.jar:/home/maykon/.m2/repository/org/junit/jupiter/junit-jupiter-engine/5.8.2/junit-jupiter-engine-5.8.2.jar:/home/maykon/.m2/repository/org/junit/platform/junit-platform-engine/1.8.2/junit-platform-engine-1.8.2.jar:/home/maykon/.m2/repository/org/mockito/mockito-core/4.5.1/mockito-core-4.5.1.jar:/home/maykon/.m2/repository/net/bytebuddy/byte-buddy-agent/1.12.18/byte-buddy-agent-1.12.18.jar:/home/maykon/.m2/repository/org/objenesis/objenesis/3.2/objenesis-3.2.jar:/home/maykon/.m2/repository/org/mockito/mockito-junit-jupiter/4.5.1/mockito-junit-jupiter-4.5.1.jar:/home/maykon/.m2/repository/org/skyscreamer/jsonassert/1.5.1/jsonassert-1.5.1.jar:/home/maykon/.m2/repository/com/vaadin/external/google/android-json/0.0.20131108.vaadin1/android-json-0.0.20131108.vaadin1.jar:/home/maykon/.m2/repository/org/springframework/spring-core/5.3.23/spring-core-5.3.23.jar:/home/maykon/.m2/repository/org/springframework/spring-jcl/5.3.23/spring-jcl-5.3.23.jar:/home/maykon/.m2/repository/org/springframework/spring-test/5.3.23/spring-test-5.3.23.jar:/home/maykon/.m2/repository/org/xmlunit/xmlunit-core/2.9.0/xmlunit-core-2.9.0.jar:/home/maykon/.m2/repository/com/github/tsantalis/refactoring-miner/2.3.2/refactoring-miner-2.3.2.jar:/home/maykon/.m2/repository/org/slf4j/slf4j-reload4j/1.7.36/slf4j-reload4j-1.7.36.jar:/home/maykon/.m2/repository/ch/qos/reload4j/reload4j/1.2.19/reload4j-1.2.19.jar:/home/maykon/.m2/repository/junit/junit/4.13.2/junit-4.13.2.jar:/home/maykon/.m2/repository/org/hamcrest/hamcrest-core/2.2/hamcrest-core-2.2.jar:/home/maykon/.m2/repository/org/eclipse/jdt/org.eclipse.jdt.core/3.30.0/org.eclipse.jdt.core-3.30.0.jar:/home/maykon/.m2/repository/org/eclipse/platform/org.eclipse.core.resources/3.18.200/org.eclipse.core.resources-3.18.200.jar:/home/maykon/.m2/repository/org/eclipse/platform/org.eclipse.core.expressions/3.8.200/org.eclipse.core.expressions-3.8.200.jar:/home/maykon/.m2/repository/org/eclipse/platform/org.eclipse.osgi/3.18.300/org.eclipse.osgi-3.18.300.jar:/home/maykon/.m2/repository/org/eclipse/platform/org.eclipse.core.runtime/3.26.100/org.eclipse.core.runtime-3.26.100.jar:/home/maykon/.m2/repository/org/eclipse/platform/org.eclipse.equinox.common/3.17.0/org.eclipse.equinox.common-3.17.0.jar:/home/maykon/.m2/repository/org/eclipse/platform/org.eclipse.core.jobs/3.13.200/org.eclipse.core.jobs-3.13.200.jar:/home/maykon/.m2/repository/org/eclipse/platform/org.eclipse.equinox.registry/3.11.200/org.eclipse.equinox.registry-3.11.200.jar:/home/maykon/.m2/repository/org/eclipse/platform/org.eclipse.equinox.preferences/3.10.100/org.eclipse.equinox.preferences-3.10.100.jar:/home/maykon/.m2/repository/org/osgi/org.osgi.service.prefs/1.1.2/org.osgi.service.prefs-1.1.2.jar:/home/maykon/.m2/repository/org/osgi/osgi.annotation/8.0.1/osgi.annotation-8.0.1.jar:/home/maykon/.m2/repository/org/eclipse/platform/org.eclipse.core.contenttype/3.8.200/org.eclipse.core.contenttype-3.8.200.jar:/home/maykon/.m2/repository/org/eclipse/platform/org.eclipse.equinox.app/1.6.200/org.eclipse.equinox.app-1.6.200.jar:/home/maykon/.m2/repository/org/eclipse/platform/org.eclipse.core.filesystem/1.9.500/org.eclipse.core.filesystem-1.9.500.jar:/home/maykon/.m2/repository/org/eclipse/platform/org.eclipse.text/3.12.300/org.eclipse.text-3.12.300.jar:/home/maykon/.m2/repository/org/eclipse/platform/org.eclipse.core.commands/3.10.300/org.eclipse.core.commands-3.10.300.jar:/home/maykon/.m2/repository/org/apache/commons/commons-text/1.9/commons-text-1.9.jar:/home/maykon/.m2/repository/org/apache/commons/commons-lang3/3.12.0/commons-lang3-3.12.0.jar:/home/maykon/.m2/repository/org/kohsuke/github-api/1.135/github-api-1.135.jar:/home/maykon/.m2/repository/commons-io/commons-io/2.8.0/commons-io-2.8.0.jar:/home/maykon/.m2/repository/io/github/java-diff-utils/java-diff-utils/4.11/java-diff-utils-4.11.jar:/home/maykon/.m2/repository/org/eclipse/jgit/org.eclipse.jgit/6.3.0.202209071007-r/org.eclipse.jgit-6.3.0.202209071007-r.jar:/home/maykon/.m2/repository/com/googlecode/javaewah/JavaEWAH/1.1.13/JavaEWAH-1.1.13.jar:/home/maykon/.m2/repository/org/slf4j/slf4j-api/1.7.36/slf4j-api-1.7.36.jar:/home/maykon/.m2/repository/com/google/code/gson/gson/2.8.5/gson-2.8.5.jar:"/>
    <property name="java.vm.vendor" value="Amazon.com Inc."/>
    <property name="sun.arch.data.model" value="64"/>
    <property name="java.vendor.url" value="https://aws.amazon.com/corretto/"/>
    <property name="os.name" value="Linux"/>
    <property name="java.vm.specification.version" value="17"/>
    <property name="sun.java.launcher" value="SUN_STANDARD"/>
    <property name="user.country" value="BR"/>
    <property name="sun.boot.library.path" value="/home/maykon/.sdkman/candidates/java/17.0.6-amzn/lib"/>
    <property name="sun.java.command" value="/home/maykon/dev/render-spring-test/target/surefire/surefirebooter9140850175883986275.jar /home/maykon/dev/render-spring-test/target/surefire 2023-05-02T16-57-24_155-jvmRun1 surefire3832095516176128010tmp surefire_015866090109879848509tmp"/>
    <property name="jdk.debug" value="release"/>
    <property name="surefire.test.class.path" value="/home/maykon/dev/render-spring-test/target/test-classes:/home/maykon/dev/render-spring-test/target/classes:/home/maykon/.m2/repository/org/springframework/boot/spring-boot-starter-data-jpa/2.7.5/spring-boot-starter-data-jpa-2.7.5.jar:/home/maykon/.m2/repository/org/springframework/boot/spring-boot-starter-aop/2.7.5/spring-boot-starter-aop-2.7.5.jar:/home/maykon/.m2/repository/org/springframework/spring-aop/5.3.23/spring-aop-5.3.23.jar:/home/maykon/.m2/repository/org/aspectj/aspectjweaver/1.9.7/aspectjweaver-1.9.7.jar:/home/maykon/.m2/repository/org/springframework/boot/spring-boot-starter-jdbc/2.7.5/spring-boot-starter-jdbc-2.7.5.jar:/home/maykon/.m2/repository/com/zaxxer/HikariCP/4.0.3/HikariCP-4.0.3.jar:/home/maykon/.m2/repository/org/springframework/spring-jdbc/5.3.23/spring-jdbc-5.3.23.jar:/home/maykon/.m2/repository/jakarta/transaction/jakarta.transaction-api/1.3.3/jakarta.transaction-api-1.3.3.jar:/home/maykon/.m2/repository/jakarta/persistence/jakarta.persistence-api/2.2.3/jakarta.persistence-api-2.2.3.jar:/home/maykon/.m2/repository/org/hibernate/hibernate-core/5.6.12.Final/hibernate-core-5.6.12.Final.jar:/home/maykon/.m2/repository/org/jboss/logging/jboss-logging/3.4.3.Final/jboss-logging-3.4.3.Final.jar:/home/maykon/.m2/repository/net/bytebuddy/byte-buddy/1.12.18/byte-buddy-1.12.18.jar:/home/maykon/.m2/repository/antlr/antlr/2.7.7/antlr-2.7.7.jar:/home/maykon/.m2/repository/org/jboss/jandex/2.4.2.Final/jandex-2.4.2.Final.jar:/home/maykon/.m2/repository/com/fasterxml/classmate/1.5.1/classmate-1.5.1.jar:/home/maykon/.m2/repository/org/hibernate/common/hibernate-commons-annotations/5.1.2.Final/hibernate-commons-annotations-5.1.2.Final.jar:/home/maykon/.m2/repository/org/glassfish/jaxb/jaxb-runtime/2.3.7/jaxb-runtime-2.3.7.jar:/home/maykon/.m2/repository/org/glassfish/jaxb/txw2/2.3.7/txw2-2.3.7.jar:/home/maykon/.m2/repository/com/sun/istack/istack-commons-runtime/3.0.12/istack-commons-runtime-3.0.12.jar:/home/maykon/.m2/repository/com/sun/activation/jakarta.activation/1.2.2/jakarta.activation-1.2.2.jar:/home/maykon/.m2/repository/org/springframework/data/spring-data-jpa/2.7.5/spring-data-jpa-2.7.5.jar:/home/maykon/.m2/repository/org/springframework/data/spring-data-commons/2.7.5/spring-data-commons-2.7.5.jar:/home/maykon/.m2/repository/org/springframework/spring-orm/5.3.23/spring-orm-5.3.23.jar:/home/maykon/.m2/repository/org/springframework/spring-context/5.3.23/spring-context-5.3.23.jar:/home/maykon/.m2/repository/org/springframework/spring-tx/5.3.23/spring-tx-5.3.23.jar:/home/maykon/.m2/repository/org/springframework/spring-beans/5.3.23/spring-beans-5.3.23.jar:/home/maykon/.m2/repository/org/springframework/spring-aspects/5.3.23/spring-aspects-5.3.23.jar:/home/maykon/.m2/repository/org/springframework/boot/spring-boot-starter-web/2.7.5/spring-boot-starter-web-2.7.5.jar:/home/maykon/.m2/repository/org/springframework/boot/spring-boot-starter/2.7.5/spring-boot-starter-2.7.5.jar:/home/maykon/.m2/repository/org/springframework/boot/spring-boot-starter-logging/2.7.5/spring-boot-starter-logging-2.7.5.jar:/home/maykon/.m2/repository/ch/qos/logback/logback-classic/1.2.11/logback-classic-1.2.11.jar:/home/maykon/.m2/repository/ch/qos/logback/logback-core/1.2.11/logback-core-1.2.11.jar:/home/maykon/.m2/repository/org/apache/logging/log4j/log4j-to-slf4j/2.17.2/log4j-to-slf4j-2.17.2.jar:/home/maykon/.m2/repository/org/apache/logging/log4j/log4j-api/2.17.2/log4j-api-2.17.2.jar:/home/maykon/.m2/repository/org/slf4j/jul-to-slf4j/1.7.36/jul-to-slf4j-1.7.36.jar:/home/maykon/.m2/repository/jakarta/annotation/jakarta.annotation-api/1.3.5/jakarta.annotation-api-1.3.5.jar:/home/maykon/.m2/repository/org/yaml/snakeyaml/1.30/snakeyaml-1.30.jar:/home/maykon/.m2/repository/org/springframework/boot/spring-boot-starter-json/2.7.5/spring-boot-starter-json-2.7.5.jar:/home/maykon/.m2/repository/com/fasterxml/jackson/datatype/jackson-datatype-jdk8/2.13.4/jackson-datatype-jdk8-2.13.4.jar:/home/maykon/.m2/repository/com/fasterxml/jackson/datatype/jackson-datatype-jsr310/2.13.4/jackson-datatype-jsr310-2.13.4.jar:/home/maykon/.m2/repository/com/fasterxml/jackson/module/jackson-module-parameter-names/2.13.4/jackson-module-parameter-names-2.13.4.jar:/home/maykon/.m2/repository/org/springframework/boot/spring-boot-starter-tomcat/2.7.5/spring-boot-starter-tomcat-2.7.5.jar:/home/maykon/.m2/repository/org/apache/tomcat/embed/tomcat-embed-core/9.0.68/tomcat-embed-core-9.0.68.jar:/home/maykon/.m2/repository/org/apache/tomcat/embed/tomcat-embed-el/9.0.68/tomcat-embed-el-9.0.68.jar:/home/maykon/.m2/repository/org/apache/tomcat/embed/tomcat-embed-websocket/9.0.68/tomcat-embed-websocket-9.0.68.jar:/home/maykon/.m2/repository/org/springframework/spring-web/5.3.23/spring-web-5.3.23.jar:/home/maykon/.m2/repository/org/springframework/spring-webmvc/5.3.23/spring-webmvc-5.3.23.jar:/home/maykon/.m2/repository/org/springframework/spring-expression/5.3.23/spring-expression-5.3.23.jar:/home/maykon/.m2/repository/com/fasterxml/jackson/module/jackson-module-kotlin/2.13.4/jackson-module-kotlin-2.13.4.jar:/home/maykon/.m2/repository/com/fasterxml/jackson/core/jackson-databind/2.13.4.2/jackson-databind-2.13.4.2.jar:/home/maykon/.m2/repository/com/fasterxml/jackson/core/jackson-core/2.13.4/jackson-core-2.13.4.jar:/home/maykon/.m2/repository/com/fasterxml/jackson/core/jackson-annotations/2.13.4/jackson-annotations-2.13.4.jar:/home/maykon/.m2/repository/org/jetbrains/kotlin/kotlin-reflect/1.6.21/kotlin-reflect-1.6.21.jar:/home/maykon/.m2/repository/org/jetbrains/kotlin/kotlin-stdlib/1.6.21/kotlin-stdlib-1.6.21.jar:/home/maykon/.m2/repository/org/jetbrains/kotlin/kotlin-stdlib-common/1.6.21/kotlin-stdlib-common-1.6.21.jar:/home/maykon/.m2/repository/org/jetbrains/annotations/13.0/annotations-13.0.jar:/home/maykon/.m2/repository/org/jetbrains/kotlin/kotlin-stdlib-jdk8/1.6.21/kotlin-stdlib-jdk8-1.6.21.jar:/home/maykon/.m2/repository/org/jetbrains/kotlin/kotlin-stdlib-jdk7/1.6.21/kotlin-stdlib-jdk7-1.6.21.jar:/home/maykon/.m2/repository/org/springframework/boot/spring-boot-devtools/2.7.5/spring-boot-devtools-2.7.5.jar:/home/maykon/.m2/repository/org/springframework/boot/spring-boot/2.7.5/spring-boot-2.7.5.jar:/home/maykon/.m2/repository/org/springframework/boot/spring-boot-autoconfigure/2.7.5/spring-boot-autoconfigure-2.7.5.jar:/home/maykon/.m2/repository/com/h2database/h2/2.1.214/h2-2.1.214.jar:/home/maykon/.m2/repository/org/springframework/boot/spring-boot-starter-test/2.7.5/spring-boot-starter-test-2.7.5.jar:/home/maykon/.m2/repository/org/springframework/boot/spring-boot-test/2.7.5/spring-boot-test-2.7.5.jar:/home/maykon/.m2/repository/org/springframework/boot/spring-boot-test-autoconfigure/2.7.5/spring-boot-test-autoconfigure-2.7.5.jar:/home/maykon/.m2/repository/com/jayway/jsonpath/json-path/2.7.0/json-path-2.7.0.jar:/home/maykon/.m2/repository/net/minidev/json-smart/2.4.8/json-smart-2.4.8.jar:/home/maykon/.m2/repository/net/minidev/accessors-smart/2.4.8/accessors-smart-2.4.8.jar:/home/maykon/.m2/repository/org/ow2/asm/asm/9.1/asm-9.1.jar:/home/maykon/.m2/repository/jakarta/xml/bind/jakarta.xml.bind-api/2.3.3/jakarta.xml.bind-api-2.3.3.jar:/home/maykon/.m2/repository/jakarta/activation/jakarta.activation-api/1.2.2/jakarta.activation-api-1.2.2.jar:/home/maykon/.m2/repository/org/assertj/assertj-core/3.22.0/assertj-core-3.22.0.jar:/home/maykon/.m2/repository/org/hamcrest/hamcrest/2.2/hamcrest-2.2.jar:/home/maykon/.m2/repository/org/junit/jupiter/junit-jupiter/5.8.2/junit-jupiter-5.8.2.jar:/home/maykon/.m2/repository/org/junit/jupiter/junit-jupiter-api/5.8.2/junit-jupiter-api-5.8.2.jar:/home/maykon/.m2/repository/org/opentest4j/opentest4j/1.2.0/opentest4j-1.2.0.jar:/home/maykon/.m2/repository/org/junit/platform/junit-platform-commons/1.8.2/junit-platform-commons-1.8.2.jar:/home/maykon/.m2/repository/org/apiguardian/apiguardian-api/1.1.2/apiguardian-api-1.1.2.jar:/home/maykon/.m2/repository/org/junit/jupiter/junit-jupiter-params/5.8.2/junit-jupiter-params-5.8.2.jar:/home/maykon/.m2/repository/org/junit/jupiter/junit-jupiter-engine/5.8.2/junit-jupiter-engine-5.8.2.jar:/home/maykon/.m2/repository/org/junit/platform/junit-platform-engine/1.8.2/junit-platform-engine-1.8.2.jar:/home/maykon/.m2/repository/org/mockito/mockito-core/4.5.1/mockito-core-4.5.1.jar:/home/maykon/.m2/repository/net/bytebuddy/byte-buddy-agent/1.12.18/byte-buddy-agent-1.12.18.jar:/home/maykon/.m2/repository/org/objenesis/objenesis/3.2/objenesis-3.2.jar:/home/maykon/.m2/repository/org/mockito/mockito-junit-jupiter/4.5.1/mockito-junit-jupiter-4.5.1.jar:/home/maykon/.m2/repository/org/skyscreamer/jsonassert/1.5.1/jsonassert-1.5.1.jar:/home/maykon/.m2/repository/com/vaadin/external/google/android-json/0.0.20131108.vaadin1/android-json-0.0.20131108.vaadin1.jar:/home/maykon/.m2/repository/org/springframework/spring-core/5.3.23/spring-core-5.3.23.jar:/home/maykon/.m2/repository/org/springframework/spring-jcl/5.3.23/spring-jcl-5.3.23.jar:/home/maykon/.m2/repository/org/springframework/spring-test/5.3.23/spring-test-5.3.23.jar:/home/maykon/.m2/repository/org/xmlunit/xmlunit-core/2.9.0/xmlunit-core-2.9.0.jar:/home/maykon/.m2/repository/com/github/tsantalis/refactoring-miner/2.3.2/refactoring-miner-2.3.2.jar:/home/maykon/.m2/repository/org/slf4j/slf4j-reload4j/1.7.36/slf4j-reload4j-1.7.36.jar:/home/maykon/.m2/repository/ch/qos/reload4j/reload4j/1.2.19/reload4j-1.2.19.jar:/home/maykon/.m2/repository/junit/junit/4.13.2/junit-4.13.2.jar:/home/maykon/.m2/repository/org/hamcrest/hamcrest-core/2.2/hamcrest-core-2.2.jar:/home/maykon/.m2/repository/org/eclipse/jdt/org.eclipse.jdt.core/3.30.0/org.eclipse.jdt.core-3.30.0.jar:/home/maykon/.m2/repository/org/eclipse/platform/org.eclipse.core.resources/3.18.200/org.eclipse.core.resources-3.18.200.jar:/home/maykon/.m2/repository/org/eclipse/platform/org.eclipse.core.expressions/3.8.200/org.eclipse.core.expressions-3.8.200.jar:/home/maykon/.m2/repository/org/eclipse/platform/org.eclipse.osgi/3.18.300/org.eclipse.osgi-3.18.300.jar:/home/maykon/.m2/repository/org/eclipse/platform/org.eclipse.core.runtime/3.26.100/org.eclipse.core.runtime-3.26.100.jar:/home/maykon/.m2/repository/org/eclipse/platform/org.eclipse.equinox.common/3.17.0/org.eclipse.equinox.common-3.17.0.jar:/home/maykon/.m2/repository/org/eclipse/platform/org.eclipse.core.jobs/3.13.200/org.eclipse.core.jobs-3.13.200.jar:/home/maykon/.m2/repository/org/eclipse/platform/org.eclipse.equinox.registry/3.11.200/org.eclipse.equinox.registry-3.11.200.jar:/home/maykon/.m2/repository/org/eclipse/platform/org.eclipse.equinox.preferences/3.10.100/org.eclipse.equinox.preferences-3.10.100.jar:/home/maykon/.m2/repository/org/osgi/org.osgi.service.prefs/1.1.2/org.osgi.service.prefs-1.1.2.jar:/home/maykon/.m2/repository/org/osgi/osgi.annotation/8.0.1/osgi.annotation-8.0.1.jar:/home/maykon/.m2/repository/org/eclipse/platform/org.eclipse.core.contenttype/3.8.200/org.eclipse.core.contenttype-3.8.200.jar:/home/maykon/.m2/repository/org/eclipse/platform/org.eclipse.equinox.app/1.6.200/org.eclipse.equinox.app-1.6.200.jar:/home/maykon/.m2/repository/org/eclipse/platform/org.eclipse.core.filesystem/1.9.500/org.eclipse.core.filesystem-1.9.500.jar:/home/maykon/.m2/repository/org/eclipse/platform/org.eclipse.text/3.12.300/org.eclipse.text-3.12.300.jar:/home/maykon/.m2/repository/org/eclipse/platform/org.eclipse.core.commands/3.10.300/org.eclipse.core.commands-3.10.300.jar:/home/maykon/.m2/repository/org/apache/commons/commons-text/1.9/commons-text-1.9.jar:/home/maykon/.m2/repository/org/apache/commons/commons-lang3/3.12.0/commons-lang3-3.12.0.jar:/home/maykon/.m2/repository/org/kohsuke/github-api/1.135/github-api-1.135.jar:/home/maykon/.m2/repository/commons-io/commons-io/2.8.0/commons-io-2.8.0.jar:/home/maykon/.m2/repository/io/github/java-diff-utils/java-diff-utils/4.11/java-diff-utils-4.11.jar:/home/maykon/.m2/repository/org/eclipse/jgit/org.eclipse.jgit/6.3.0.202209071007-r/org.eclipse.jgit-6.3.0.202209071007-r.jar:/home/maykon/.m2/repository/com/googlecode/javaewah/JavaEWAH/1.1.13/JavaEWAH-1.1.13.jar:/home/maykon/.m2/repository/org/slf4j/slf4j-api/1.7.36/slf4j-api-1.7.36.jar:/home/maykon/.m2/repository/com/google/code/gson/gson/2.8.5/gson-2.8.5.jar:"/>
    <property name="sun.cpu.endian" value="little"/>
    <property name="user.home" value="/home/maykon"/>
    <property name="user.language" value="pt"/>
    <property name="java.specification.vendor" value="Oracle Corporation"/>
    <property name="java.version.date" value="2023-01-17"/>
    <property name="java.home" value="/home/maykon/.sdkman/candidates/java/17.0.6-amzn"/>
    <property name="file.separator" value="/"/>
    <property name="basedir" value="/home/maykon/dev/render-spring-test"/>
    <property name="java.vm.compressedOopsMode" value="32-bit"/>
    <property name="line.separator" value="&#10;"/>
    <property name="java.vm.specification.vendor" value="Oracle Corporation"/>
    <property name="java.specification.name" value="Java Platform API Specification"/>
    <property name="surefire.real.class.path" value="/home/maykon/dev/render-spring-test/target/surefire/surefirebooter9140850175883986275.jar"/>
    <property name="sun.management.compiler" value="HotSpot 64-Bit Tiered Compilers"/>
    <property name="java.runtime.version" value="17.0.6+10-LTS"/>
    <property name="user.name" value="maykon"/>
    <property name="path.separator" value=":"/>
    <property name="os.version" value="5.4.0-135-generic"/>
    <property name="java.runtime.name" value="OpenJDK Runtime Environment"/>
    <property name="file.encoding" value="UTF-8"/>
    <property name="java.vm.name" value="OpenJDK 64-Bit Server VM"/>
    <property name="java.vendor.version" value="Corretto-17.0.6.10.1"/>
    <property name="localRepository" value="/home/maykon/.m2/repository"/>
    <property name="java.vendor.url.bug" value="https://github.com/corretto/corretto-17/issues/"/>
    <property name="java.io.tmpdir" value="/tmp"/>
    <property name="idea.version" value="2022.3.3"/>
    <property name="java.version" value="17.0.6"/>
    <property name="user.dir" value="/home/maykon/dev/render-spring-test"/>
    <property name="os.arch" value="amd64"/>
    <property name="java.vm.specification.name" value="Java Virtual Machine Specification"/>
    <property name="native.encoding" value="UTF-8"/>
    <property name="java.library.path" value="/usr/java/packages/lib:/usr/lib64:/lib64:/lib:/usr/lib"/>
    <property name="java.vm.info" value="mixed mode, sharing"/>
    <property name="java.vendor" value="Amazon.com Inc."/>
    <property name="java.vm.version" value="17.0.6+10-LTS"/>
    <property name="sun.io.unicode.encoding" value="UnicodeLittle"/>
    <property name="java.class.version" value="61.0"/>
  </properties>
  <testcase name="contextLoads" classname="com.lean.ciref.CirefApplicationTests" time="0.298"/>
</testsuite>